16:36:01.764 [main] INFO  testCases.TC_002_LoginTest - Starting TC_002_LoginTest
16:36:02.513 [main] INFO  testCases.TC_002_LoginTest - hp.clickMyAccount()
16:36:03.548 [main] INFO  testCases.TC_002_LoginTest - hp.clickLogin()
16:36:04.819 [main] INFO  testCases.TC_002_LoginTest - lp.clickLogin()
16:36:04.965 [main] INFO  testCases.TC_002_LoginTest - macc.isMyAccountPageExists()
16:36:04.966 [main] INFO  testCases.TC_002_LoginTest -  Finished TC_002_LoginTest
16:38:11.124 [main] INFO  testCases.TC_001_AccountRegistrationTest - application logs INFO ......
16:38:11.137 [main] WARN  testCases.TC_001_AccountRegistrationTest - application logs WARN ......
16:38:13.080 [main] INFO  testCases.TC_001_AccountRegistrationTest - application logs INFO firstName WLSQJ
16:38:21.533 [main] INFO  testCases.TC_002_LoginTest - Starting TC_002_LoginTest
16:38:22.161 [main] INFO  testCases.TC_002_LoginTest - hp.clickMyAccount()
16:38:23.194 [main] INFO  testCases.TC_002_LoginTest - hp.clickLogin()
16:38:24.363 [main] INFO  testCases.TC_002_LoginTest - lp.clickLogin()
16:38:24.581 [main] INFO  testCases.TC_002_LoginTest - macc.isMyAccountPageExists()
16:38:24.582 [main] INFO  testCases.TC_002_LoginTest -  Finished TC_002_LoginTest
16:39:27.134 [main] INFO  testCases.TC_001_AccountRegistrationTest - application logs INFO ......
16:39:27.143 [main] WARN  testCases.TC_001_AccountRegistrationTest - application logs WARN ......
16:39:28.986 [main] INFO  testCases.TC_001_AccountRegistrationTest - application logs INFO firstName TXKEL
16:39:37.995 [main] INFO  testCases.TC_002_LoginTest - Starting TC_002_LoginTest
16:39:38.582 [main] INFO  testCases.TC_002_LoginTest - hp.clickMyAccount()
16:39:39.282 [main] INFO  testCases.TC_002_LoginTest - hp.clickLogin()
16:39:40.298 [main] INFO  testCases.TC_002_LoginTest - lp.clickLogin()
16:39:40.459 [main] INFO  testCases.TC_002_LoginTest - macc.isMyAccountPageExists()
16:39:40.459 [main] INFO  testCases.TC_002_LoginTest -  Finished TC_002_LoginTest
16:41:50.857 [main] INFO  testCases.TC_001_AccountRegistrationTest - application logs INFO ......
16:41:50.871 [main] WARN  testCases.TC_001_AccountRegistrationTest - application logs WARN ......
16:41:52.645 [main] INFO  testCases.TC_001_AccountRegistrationTest - application logs INFO firstName ASSWI
16:42:01.292 [main] INFO  testCases.TC_002_LoginTest - Starting TC_002_LoginTest
16:42:01.952 [main] INFO  testCases.TC_002_LoginTest - hp.clickMyAccount()
16:42:02.910 [main] INFO  testCases.TC_002_LoginTest - hp.clickLogin()
16:42:04.307 [main] INFO  testCases.TC_002_LoginTest - lp.clickLogin()
16:42:04.461 [main] INFO  testCases.TC_002_LoginTest - macc.isMyAccountPageExists()
16:42:04.461 [main] INFO  testCases.TC_002_LoginTest -  Finished TC_002_LoginTest
16:44:05.213 [main] INFO  testCases.TC_001_AccountRegistrationTest - application logs INFO ......
16:44:05.229 [main] WARN  testCases.TC_001_AccountRegistrationTest - application logs WARN ......
16:44:06.796 [main] INFO  testCases.TC_001_AccountRegistrationTest - application logs INFO firstName YSLSN
16:44:16.170 [main] INFO  testCases.TC_002_LoginTest - Starting TC_002_LoginTest
16:44:16.778 [main] INFO  testCases.TC_002_LoginTest - hp.clickMyAccount()
16:44:17.522 [main] INFO  testCases.TC_002_LoginTest - hp.clickLogin()
16:44:18.861 [main] INFO  testCases.TC_002_LoginTest - lp.clickLogin()
16:44:19.042 [main] INFO  testCases.TC_002_LoginTest - macc.isMyAccountPageExists()
16:44:19.043 [main] INFO  testCases.TC_002_LoginTest -  Finished TC_002_LoginTest
16:46:58.229 [main] INFO  testCases.TC_001_AccountRegistrationTest - application logs INFO ......
16:46:58.245 [main] WARN  testCases.TC_001_AccountRegistrationTest - application logs WARN ......
16:46:59.635 [main] INFO  testCases.TC_001_AccountRegistrationTest - application logs INFO firstName RFTBX
16:47:07.883 [main] INFO  testCases.TC_002_LoginTest - Starting TC_002_LoginTest
16:47:08.617 [main] INFO  testCases.TC_002_LoginTest - hp.clickMyAccount()
16:47:09.735 [main] INFO  testCases.TC_002_LoginTest - hp.clickLogin()
16:47:11.152 [main] INFO  testCases.TC_002_LoginTest - lp.clickLogin()
16:47:11.399 [main] INFO  testCases.TC_002_LoginTest - macc.isMyAccountPageExists()
16:47:11.400 [main] INFO  testCases.TC_002_LoginTest -  Finished TC_002_LoginTest
16:47:38.098 [main] INFO  testCases.TC_001_AccountRegistrationTest - application logs INFO ......
16:47:38.107 [main] WARN  testCases.TC_001_AccountRegistrationTest - application logs WARN ......
16:47:39.832 [main] INFO  testCases.TC_001_AccountRegistrationTest - application logs INFO firstName KXBYJ
16:47:47.978 [main] INFO  testCases.TC_002_LoginTest - Starting TC_002_LoginTest
16:47:48.663 [main] INFO  testCases.TC_002_LoginTest - hp.clickMyAccount()
16:47:49.577 [main] INFO  testCases.TC_002_LoginTest - hp.clickLogin()
16:47:50.812 [main] INFO  testCases.TC_002_LoginTest - lp.clickLogin()
16:47:50.993 [main] INFO  testCases.TC_002_LoginTest - macc.isMyAccountPageExists()
