16:11:07.858 [main] INFO  testCases.TC_003_LoginDataDrivenTest -  Starting TC_003_LoginDataDrivenTest :: thaheera@gmail.com,test123,valid
16:11:10.298 [main] INFO  testCases.TC_003_LoginDataDrivenTest -  Finished TC_003_LoginDataDrivenTest
16:11:10.357 [main] INFO  testCases.TC_003_LoginDataDrivenTest -  Starting TC_003_LoginDataDrivenTest :: thaheera@hotmail.com,test123,invalid
16:11:20.487 [main] INFO  testCases.TC_003_LoginDataDrivenTest - Exception
16:11:20.927 [main] INFO  testCases.TC_003_LoginDataDrivenTest -  Starting TC_003_LoginDataDrivenTest :: thaheera@gmail.com,test123,valid
16:11:31.118 [main] INFO  testCases.TC_003_LoginDataDrivenTest - Exception
16:17:54.820 [main] INFO  testCases.TC_003_LoginDataDrivenTest -  Starting TC_003_LoginDataDrivenTest :: thaheera@gmail.com,test123,valid
16:17:57.205 [main] INFO  testCases.TC_003_LoginDataDrivenTest -  Finished TC_003_LoginDataDrivenTest
16:17:57.247 [main] INFO  testCases.TC_003_LoginDataDrivenTest -  Starting TC_003_LoginDataDrivenTest :: thaheera@hotmail.com,test123,invalid
16:18:07.469 [main] INFO  testCases.TC_003_LoginDataDrivenTest - Exception
16:18:07.913 [main] INFO  testCases.TC_003_LoginDataDrivenTest -  Starting TC_003_LoginDataDrivenTest :: thaheera@gmail.com,test123,valid
16:18:18.208 [main] INFO  testCases.TC_003_LoginDataDrivenTest - Exception
16:21:28.235 [main] INFO  testCases.TC_003_LoginDataDrivenTest -  Starting TC_003_LoginDataDrivenTest :: thaheera@gmail.com,test123,valid
16:21:30.755 [main] INFO  testCases.TC_003_LoginDataDrivenTest -  Finished TC_003_LoginDataDrivenTest
16:21:30.799 [main] INFO  testCases.TC_003_LoginDataDrivenTest -  Starting TC_003_LoginDataDrivenTest :: thaheera@hotmail.com,test123,invalid
16:21:41.030 [main] INFO  testCases.TC_003_LoginDataDrivenTest - Exception
16:21:41.484 [main] INFO  testCases.TC_003_LoginDataDrivenTest -  Starting TC_003_LoginDataDrivenTest :: thaheera@gmail.com,test123,valid
16:21:51.595 [main] INFO  testCases.TC_003_LoginDataDrivenTest - Exception
16:26:04.215 [main] INFO  testCases.TC_003_LoginDataDrivenTest -  Starting TC_003_LoginDataDrivenTest :: thaheera@gmail.com,test123,valid
16:26:06.672 [main] INFO  testCases.TC_003_LoginDataDrivenTest -  Finished TC_003_LoginDataDrivenTest
16:26:06.704 [main] INFO  testCases.TC_003_LoginDataDrivenTest -  Starting TC_003_LoginDataDrivenTest :: thaheera@hotmail.com,test123,invalid
16:26:16.948 [main] INFO  testCases.TC_003_LoginDataDrivenTest - Exception
16:26:17.556 [main] INFO  testCases.TC_003_LoginDataDrivenTest -  Starting TC_003_LoginDataDrivenTest :: thaheera@gmail.com,test123,valid
16:26:27.894 [main] INFO  testCases.TC_003_LoginDataDrivenTest - Exception
16:52:56.199 [main] INFO  testCases.TC_003_LoginDataDrivenTest -  Starting TC_003_LoginDataDrivenTest :: thaheera@gmail.com,test123,valid
16:52:57.863 [main] INFO  testCases.TC_003_LoginDataDrivenTest - Valid/True
16:52:58.357 [main] INFO  testCases.TC_003_LoginDataDrivenTest -  Finished TC_003_LoginDataDrivenTest
16:52:58.384 [main] INFO  testCases.TC_003_LoginDataDrivenTest -  Starting TC_003_LoginDataDrivenTest :: thaheera@hotmail.com,test123,invalid
16:53:09.418 [main] INFO  testCases.TC_003_LoginDataDrivenTest - InValid/False
16:53:09.418 [main] INFO  testCases.TC_003_LoginDataDrivenTest -  Finished TC_003_LoginDataDrivenTest
16:53:09.422 [main] INFO  testCases.TC_003_LoginDataDrivenTest -  Starting TC_003_LoginDataDrivenTest :: thaheera@gmail.com,test123,valid
16:53:10.519 [main] INFO  testCases.TC_003_LoginDataDrivenTest - Valid/True
16:53:10.951 [main] INFO  testCases.TC_003_LoginDataDrivenTest -  Finished TC_003_LoginDataDrivenTest
16:53:44.332 [main] INFO  testCases.TC_003_LoginDataDrivenTest -  Starting TC_003_LoginDataDrivenTest :: thaheera@gmail.com,test123,valid
16:53:45.914 [main] INFO  testCases.TC_003_LoginDataDrivenTest - Valid/True
16:53:46.407 [main] INFO  testCases.TC_003_LoginDataDrivenTest -  Finished TC_003_LoginDataDrivenTest
16:53:46.435 [main] INFO  testCases.TC_003_LoginDataDrivenTest -  Starting TC_003_LoginDataDrivenTest :: thaheera@hotmail.com,test123,invalid
16:53:57.502 [main] INFO  testCases.TC_003_LoginDataDrivenTest - InValid/False
16:53:57.502 [main] INFO  testCases.TC_003_LoginDataDrivenTest -  Finished TC_003_LoginDataDrivenTest
16:53:57.506 [main] INFO  testCases.TC_003_LoginDataDrivenTest -  Starting TC_003_LoginDataDrivenTest :: thaheera@gmail.com,test123,valid
16:53:58.561 [main] INFO  testCases.TC_003_LoginDataDrivenTest - Valid/True
16:53:58.944 [main] INFO  testCases.TC_003_LoginDataDrivenTest -  Finished TC_003_LoginDataDrivenTest
16:56:19.905 [main] INFO  testCases.TC_003_LoginDataDrivenTest -  Starting TC_003_LoginDataDrivenTest :: thaheera@gmail.com,test123,valid
16:56:21.771 [main] INFO  testCases.TC_003_LoginDataDrivenTest - Valid/True
16:56:22.315 [main] INFO  testCases.TC_003_LoginDataDrivenTest -  Finished TC_003_LoginDataDrivenTest
16:56:22.350 [main] INFO  testCases.TC_003_LoginDataDrivenTest -  Starting TC_003_LoginDataDrivenTest :: thaheera@hotmail.com,test123,invalid
