09:26:07.278 [main] INFO  testCases.TC_001_AccountRegistrationTest - application logs INFO ......
09:26:07.333 [main] WARN  testCases.TC_001_AccountRegistrationTest - application logs WARN ......
09:26:08.791 [main] INFO  testCases.TC_001_AccountRegistrationTest - application logs INFO firstName DFBHG
12:38:20.894 [main] INFO  testCases.TC_001_AccountRegistrationTest - application logs INFO ......
12:38:20.902 [main] WARN  testCases.TC_001_AccountRegistrationTest - application logs WARN ......
12:38:21.978 [main] INFO  testCases.TC_001_AccountRegistrationTest - application logs INFO firstName TFEZK
12:39:46.060 [main] INFO  testCases.TC_001_AccountRegistrationTest - application logs INFO ......
12:39:46.068 [main] WARN  testCases.TC_001_AccountRegistrationTest - application logs WARN ......
12:39:47.121 [main] INFO  testCases.TC_001_AccountRegistrationTest - application logs INFO firstName BFXCM
16:24:29.799 [main] INFO  testCases.TC_001_AccountRegistrationTest - application logs INFO ......
16:24:29.816 [main] WARN  testCases.TC_001_AccountRegistrationTest - application logs WARN ......
16:24:31.186 [main] INFO  testCases.TC_001_AccountRegistrationTest - application logs INFO firstName CJOKM
16:50:09.676 [main] INFO  testCases.TC_001_AccountRegistrationTest - application logs INFO ......
16:50:09.687 [main] WARN  testCases.TC_001_AccountRegistrationTest - application logs WARN ......
16:50:10.827 [main] INFO  testCases.TC_001_AccountRegistrationTest - application logs INFO firstName KWUXA
16:52:10.811 [main] INFO  testCases.TC_001_AccountRegistrationTest - using edge
16:52:28.981 [main] INFO  testCases.TC_001_AccountRegistrationTest - application logs INFO ......
16:52:28.982 [main] WARN  testCases.TC_001_AccountRegistrationTest - application logs WARN ......
16:52:30.553 [main] INFO  testCases.TC_001_AccountRegistrationTest - application logs INFO firstName KFFBU
17:00:32.333 [TestNG-tests-1] INFO  testCases.TC_001_AccountRegistrationTest - application logs INFO ......
17:00:32.368 [TestNG-tests-1] WARN  testCases.TC_001_AccountRegistrationTest - application logs WARN ......
17:00:32.533 [TestNG-tests-2] INFO  testCases.TC_001_AccountRegistrationTest - application logs INFO ......
17:00:32.538 [TestNG-tests-2] WARN  testCases.TC_001_AccountRegistrationTest - application logs WARN ......
17:00:34.195 [TestNG-tests-1] INFO  testCases.TC_001_AccountRegistrationTest - application logs INFO firstName OIJOR
17:00:34.393 [TestNG-tests-2] INFO  testCases.TC_001_AccountRegistrationTest - application logs INFO firstName SNVZU
17:01:24.939 [TestNG-tests-1] INFO  testCases.TC_001_AccountRegistrationTest - application logs INFO ......
17:01:24.939 [TestNG-tests-2] INFO  testCases.TC_001_AccountRegistrationTest - application logs INFO ......
17:01:24.951 [TestNG-tests-2] WARN  testCases.TC_001_AccountRegistrationTest - application logs WARN ......
17:01:24.951 [TestNG-tests-1] WARN  testCases.TC_001_AccountRegistrationTest - application logs WARN ......
17:01:27.092 [TestNG-tests-1] INFO  testCases.TC_001_AccountRegistrationTest - application logs INFO firstName NWXBY
17:01:27.092 [TestNG-tests-2] INFO  testCases.TC_001_AccountRegistrationTest - application logs INFO firstName HBOQE
17:04:23.159 [TestNG-tests-2] INFO  testCases.TC_001_AccountRegistrationTest - application logs INFO ......
17:04:23.183 [TestNG-tests-2] WARN  testCases.TC_001_AccountRegistrationTest - application logs WARN ......
17:04:23.798 [TestNG-tests-1] INFO  testCases.TC_001_AccountRegistrationTest - application logs INFO ......
17:04:23.802 [TestNG-tests-1] WARN  testCases.TC_001_AccountRegistrationTest - application logs WARN ......
17:04:25.772 [TestNG-tests-1] INFO  testCases.TC_001_AccountRegistrationTest - application logs INFO firstName FJLMR
17:04:26.351 [TestNG-tests-2] INFO  testCases.TC_001_AccountRegistrationTest - application logs INFO firstName JWVRW
17:48:37.845 [main] INFO  testCases.TC_001_AccountRegistrationTest - application logs INFO ......
17:48:37.853 [main] WARN  testCases.TC_001_AccountRegistrationTest - application logs WARN ......
17:48:39.350 [main] INFO  testCases.TC_001_AccountRegistrationTest - application logs INFO firstName BFNKX
18:44:58.559 [main] INFO  testCases.TC_001_AccountRegistrationTest - application logs INFO ......
18:44:58.571 [main] WARN  testCases.TC_001_AccountRegistrationTest - application logs WARN ......
18:45:00.329 [main] INFO  testCases.TC_001_AccountRegistrationTest - application logs INFO firstName UTORX
18:46:59.219 [main] INFO  testCases.TC_001_AccountRegistrationTest - application logs INFO ......
18:46:59.234 [main] WARN  testCases.TC_001_AccountRegistrationTest - application logs WARN ......
18:47:00.968 [main] INFO  testCases.TC_001_AccountRegistrationTest - application logs INFO firstName RKXHW
18:51:57.970 [main] INFO  testCases.TC_001_AccountRegistrationTest - application logs INFO ......
18:51:57.982 [main] WARN  testCases.TC_001_AccountRegistrationTest - application logs WARN ......
